<?xml version="1.0" encoding="UTF-8"?>
<testng-results ignored="0" total="1" passed="0" failed="1" skipped="0">
  <reporter-output>
  </reporter-output>
  <suite started-at="2022-11-28T13:54:01 IST" name="Default suite" finished-at="2022-11-28T13:54:54 IST" duration-ms="53914">
    <groups>
      <group name="cucumber">
        <method signature="AbstractTestNGCucumberTests.runScenario(io.cucumber.testng.PickleWrapper,io.cucumber.testng.FeatureWrapper)[pri:0, instance:com.celtic.automation.cmcs.testrunner.MyTestRunner@231f98ef]" name="runScenario" class="io.cucumber.testng.AbstractTestNGCucumberTests"/>
      </group> <!-- cucumber -->
    </groups>
    <test started-at="2022-11-28T13:54:01 IST" name="Default test" finished-at="2022-11-28T13:54:54 IST" duration-ms="53914">
      <class name="com.celtic.automation.cmcs.testrunner.MyTestRunner">
        <test-method is-config="true" signature="setUpClass(org.testng.ITestContext)[pri:0, instance:com.celtic.automation.cmcs.testrunner.MyTestRunner@231f98ef]" started-at="2022-11-28T13:54:01 IST" name="setUpClass" finished-at="2022-11-28T13:54:01 IST" duration-ms="913" status="PASS">
          <params>
            <param index="0">
              <value>
                <![CDATA[org.testng.TestRunner@6e349258]]>
              </value>
            </param>
          </params>
          <reporter-output>
          </reporter-output>
        </test-method> <!-- setUpClass -->
        <test-method signature="runScenario(io.cucumber.testng.PickleWrapper,io.cucumber.testng.FeatureWrapper)[pri:0, instance:com.celtic.automation.cmcs.testrunner.MyTestRunner@231f98ef]" started-at="2022-11-28T13:54:01 IST" name="runScenario" description="Runs Cucumber Scenarios" data-provider="scenarios" finished-at="2022-11-28T13:54:47 IST" duration-ms="45572" status="FAIL">
          <params>
            <param index="0">
              <value>
                <![CDATA["IRP Renew fleet"]]>
              </value>
            </param>
            <param index="1">
              <value>
                <![CDATA["Renew Fleet feature"]]>
              </value>
            </param>
          </params>
          <exception class="org.openqa.selenium.NoSuchWindowException">
            <message>
              <![CDATA[no such window: target window already closed
from unknown error: web view not found
  (Session info: chrome=107.0.5304.108)
Build info: version: '4.3.0', revision: 'a4995e2c09*'
System info: host: 'LAPTOP-8ANFSSC4', ip: '192.168.0.115', os.name: 'Windows 11', os.arch: 'amd64', os.version: '10.0', java.version: '17.0.3'
Driver info: org.openqa.selenium.chrome.ChromeDriver
Command: [e56ca5b5cef40f0165b6b68463e36715, screenshot {}]
Capabilities {acceptInsecureCerts: false, browserName: chrome, browserVersion: 107.0.5304.108, chrome: {chromedriverVersion: 107.0.5304.62 (1eec40d3a576..., userDataDir: C:\Users\HP\AppData\Local\T...}, goog:chromeOptions: {debuggerAddress: localhost:61725}, networkConnectionEnabled: false, pageLoadStrategy: normal, platformName: WINDOWS, proxy: Proxy(), se:cdp: ws://localhost:61725/devtoo..., se:cdpVersion: 107.0.5304.108, setWindowRect: true, strictFileInteractability: false, timeouts: {implicit: 0, pageLoad: 300000, script: 30000}, unhandledPromptBehavior: dismiss and notify, webauthn:extension:credBlob: true, webauthn:extension:largeBlob: true, webauthn:virtualAuthenticators: true}
Session ID: e56ca5b5cef40f0165b6b68463e36715]]>
            </message>
            <full-stacktrace>
              <![CDATA[org.openqa.selenium.NoSuchWindowException: no such window: target window already closed
from unknown error: web view not found
  (Session info: chrome=107.0.5304.108)
Build info: version: '4.3.0', revision: 'a4995e2c09*'
System info: host: 'LAPTOP-8ANFSSC4', ip: '192.168.0.115', os.name: 'Windows 11', os.arch: 'amd64', os.version: '10.0', java.version: '17.0.3'
Driver info: org.openqa.selenium.chrome.ChromeDriver
Command: [e56ca5b5cef40f0165b6b68463e36715, screenshot {}]
Capabilities {acceptInsecureCerts: false, browserName: chrome, browserVersion: 107.0.5304.108, chrome: {chromedriverVersion: 107.0.5304.62 (1eec40d3a576..., userDataDir: C:\Users\HP\AppData\Local\T...}, goog:chromeOptions: {debuggerAddress: localhost:61725}, networkConnectionEnabled: false, pageLoadStrategy: normal, platformName: WINDOWS, proxy: Proxy(), se:cdp: ws://localhost:61725/devtoo..., se:cdpVersion: 107.0.5304.108, setWindowRect: true, strictFileInteractability: false, timeouts: {implicit: 0, pageLoad: 300000, script: 30000}, unhandledPromptBehavior: dismiss and notify, webauthn:extension:credBlob: true, webauthn:extension:largeBlob: true, webauthn:virtualAuthenticators: true}
Session ID: e56ca5b5cef40f0165b6b68463e36715
at java.base/jdk.internal.reflect.NativeConstructorAccessorImpl.newInstance0(Native Method)
at java.base/jdk.internal.reflect.NativeConstructorAccessorImpl.newInstance(NativeConstructorAccessorImpl.java:77)
at java.base/jdk.internal.reflect.DelegatingConstructorAccessorImpl.newInstance(DelegatingConstructorAccessorImpl.java:45)
at java.base/java.lang.reflect.Constructor.newInstanceWithCaller(Constructor.java:499)
at java.base/java.lang.reflect.Constructor.newInstance(Constructor.java:480)
at org.openqa.selenium.remote.codec.w3c.W3CHttpResponseCodec.createException(W3CHttpResponseCodec.java:200)
at org.openqa.selenium.remote.codec.w3c.W3CHttpResponseCodec.decode(W3CHttpResponseCodec.java:133)
at org.openqa.selenium.remote.codec.w3c.W3CHttpResponseCodec.decode(W3CHttpResponseCodec.java:53)
at org.openqa.selenium.remote.HttpCommandExecutor.execute(HttpCommandExecutor.java:184)
at org.openqa.selenium.remote.service.DriverCommandExecutor.invokeExecute(DriverCommandExecutor.java:167)
at org.openqa.selenium.remote.service.DriverCommandExecutor.execute(DriverCommandExecutor.java:142)
at org.openqa.selenium.remote.RemoteWebDriver.execute(RemoteWebDriver.java:569)
at org.openqa.selenium.remote.RemoteWebDriver.execute(RemoteWebDriver.java:624)
at org.openqa.selenium.remote.RemoteWebDriver.execute(RemoteWebDriver.java:628)
at org.openqa.selenium.remote.RemoteWebDriver.getScreenshotAs(RemoteWebDriver.java:353)
at com.celtic.automation.cmcs.util.ScreenshotUtility.captureScreenshot(ScreenshotUtility.java:19)
at com.celtic.automation.cmcs.parallel.RWC001.user_will_navigate_to_the_irp_link(RWC001.java:114)
at ✽.User will navigate to the IRPLink(file:///C:/Users/HP/Downloads/celtic-main(3)/celtic-main/src/test/resources/parallel/RWC001.feature:4)
]]>
            </full-stacktrace>
          </exception> <!-- org.openqa.selenium.NoSuchWindowException -->
          <reporter-output>
          </reporter-output>
        </test-method> <!-- runScenario -->
        <test-method is-config="true" signature="tearDownClass()[pri:0, instance:com.celtic.automation.cmcs.testrunner.MyTestRunner@231f98ef]" started-at="2022-11-28T13:54:47 IST" name="tearDownClass" finished-at="2022-11-28T13:54:54 IST" duration-ms="7399" status="PASS">
          <reporter-output>
          </reporter-output>
        </test-method> <!-- tearDownClass -->
      </class> <!-- com.celtic.automation.cmcs.testrunner.MyTestRunner -->
    </test> <!-- Default test -->
  </suite> <!-- Default suite -->
</testng-results>
